[2025-11-18 11:54:44] [INFO] Application started successfully.
[2025-11-18 11:54:52] [INFO] User selected file: C:/Users/Abdussamad Ahmad/Desktop/Wasper Class.xlsx
[2025-11-18 11:54:52] [INFO] File loaded as Excel format
[2025-11-18 11:54:52] [INFO] Columns detected: S/N, Business Name, BRM, CM, Normal Volume (7 Days), Minimum Volume (7 Days)
[60% of , Tue, 04-Nov-2025 
to
 Mon, 10-, Mon, 03-Nov-2025 
to
 Sun, 09-, Sun, 02-Nov-2025 
to
 Sat, 08-, Sat, 01-Nov-2025 
to
 Fri, 07-, Fri, 31-Oct-2025 
to
 Thu, 06-, Thu, 30-Oct-2025 
to
 Wed, 05-, Wed, 29-Oct-2025 
to
 Tue, 04-, Tue, 28-Oct-2025 
to
 Mon, 03-, Mon, 27-Oct-2025 
to
 Sun, 02-, Transcation
[2025-11-18 11:54:52] [INFO] Total rows: 200
[2025-11-18 11:54:52] [INFO] Column listbox populated with 16 columns
[2025-11-18 12:00:42] [INFO] Application started successfully.
[2025-11-18 12:00:47] [INFO] User selected file: C:/Users/Abdussamad Ahmad/Desktop/Wasper Class.xlsx
[2025-11-18 12:00:47] [INFO] File loaded as Excel format
[2025-11-18 12:00:47] [INFO] Columns detected: S/N, Business Name, BRM, CM, Normal Volume (7 Days), Minimum Volume (7 Days)
[60% of , Tue, 04-Nov-2025 
to
 Mon, 10-, Mon, 03-Nov-2025 
to
 Sun, 09-, Sun, 02-Nov-2025 
to
 Sat, 08-, Sat, 01-Nov-2025 
to
 Fri, 07-, Fri, 31-Oct-2025 
to
 Thu, 06-, Thu, 30-Oct-2025 
to
 Wed, 05-, Wed, 29-Oct-2025 
to
 Tue, 04-, Tue, 28-Oct-2025 
to
 Mon, 03-, Mon, 27-Oct-2025 
to
 Sun, 02-, Transcation
[2025-11-18 12:00:47] [INFO] Total rows: 200
[2025-11-18 12:00:47] [INFO] Column listbox populated with 16 columns
[2025-11-18 12:07:24] [INFO] Application started successfully.
[2025-11-18 12:07:37] [INFO] User selected file: C:/Users/Abdussamad Ahmad/Desktop/Wasper Class.xlsx
[2025-11-18 12:07:38] [INFO] File loaded as Excel format
[2025-11-18 12:07:38] [INFO] Columns detected: S/N, Business Name, BRM, CM, Normal Volume (7 Days), Minimum Volume (7 Days)
[60% of , Tue, 04-Nov-2025 
to
 Mon, 10-, Mon, 03-Nov-2025 
to
 Sun, 09-, Sun, 02-Nov-2025 
to
 Sat, 08-, Sat, 01-Nov-2025 
to
 Fri, 07-, Fri, 31-Oct-2025 
to
 Thu, 06-, Thu, 30-Oct-2025 
to
 Wed, 05-, Wed, 29-Oct-2025 
to
 Tue, 04-, Tue, 28-Oct-2025 
to
 Mon, 03-, Mon, 27-Oct-2025 
to
 Sun, 02-, Transcation
[2025-11-18 12:07:38] [INFO] Total rows: 200
[2025-11-18 12:07:38] [INFO] Column listbox populated with 16 columns
[2025-11-18 12:11:26] [INFO] Application started successfully.
[2025-11-18 12:11:36] [INFO] User selected file: C:/Users/Abdussamad Ahmad/Desktop/Wasper Class.xlsx
[2025-11-18 12:11:36] [INFO] File loaded as Excel format
[2025-11-18 12:11:36] [INFO] Columns detected: S/N, Business Name, BRM, CM, Normal Volume (7 Days), Minimum Volume (7 Days)
[60% of , Tue, 04-Nov-2025 
to
 Mon, 10-, Mon, 03-Nov-2025 
to
 Sun, 09-, Sun, 02-Nov-2025 
to
 Sat, 08-, Sat, 01-Nov-2025 
to
 Fri, 07-, Fri, 31-Oct-2025 
to
 Thu, 06-, Thu, 30-Oct-2025 
to
 Wed, 05-, Wed, 29-Oct-2025 
to
 Tue, 04-, Tue, 28-Oct-2025 
to
 Mon, 03-, Mon, 27-Oct-2025 
to
 Sun, 02-, Transcation
[2025-11-18 12:11:36] [INFO] Total rows: 200
[2025-11-18 12:11:36] [INFO] Column listbox populated with 16 columns
[2025-11-18 12:13:39] [INFO] Application started successfully.
[2025-11-18 12:16:26] [INFO] Application started successfully.
[2025-11-18 12:16:30] [INFO] User selected file: C:/Users/Abdussamad Ahmad/Desktop/Wasper Class.xlsx
[2025-11-18 12:16:30] [INFO] File loaded as Excel format
[2025-11-18 12:16:30] [INFO] Columns detected: S/N, Business Name, BRM, CM, Normal Volume (7 Days), Minimum Volume (7 Days)
[60% of , Tue, 04-Nov-2025 
to
 Mon, 10-, Mon, 03-Nov-2025 
to
 Sun, 09-, Sun, 02-Nov-2025 
to
 Sat, 08-, Sat, 01-Nov-2025 
to
 Fri, 07-, Fri, 31-Oct-2025 
to
 Thu, 06-, Thu, 30-Oct-2025 
to
 Wed, 05-, Wed, 29-Oct-2025 
to
 Tue, 04-, Tue, 28-Oct-2025 
to
 Mon, 03-, Mon, 27-Oct-2025 
to
 Sun, 02-, Transcation
[2025-11-18 12:16:30] [INFO] Total rows: 200
[2025-11-18 12:16:30] [INFO] Column listbox populated with 16 columns
[2025-11-18 12:21:37] [INFO] Application started successfully.
[2025-11-18 12:21:47] [INFO] User selected file: C:/Users/Abdussamad Ahmad/Desktop/Wasper Class.xlsx
[2025-11-18 12:21:47] [INFO] File loaded as Excel format
[2025-11-18 12:21:47] [INFO] Columns detected: S/N, Business Name, BRM, CM, Normal Volume (7 Days), Minimum Volume (7 Days)
[60% of , Tue, 04-Nov-2025 
to
 Mon, 10-, Mon, 03-Nov-2025 
to
 Sun, 09-, Sun, 02-Nov-2025 
to
 Sat, 08-, Sat, 01-Nov-2025 
to
 Fri, 07-, Fri, 31-Oct-2025 
to
 Thu, 06-, Thu, 30-Oct-2025 
to
 Wed, 05-, Wed, 29-Oct-2025 
to
 Tue, 04-, Tue, 28-Oct-2025 
to
 Mon, 03-, Mon, 27-Oct-2025 
to
 Sun, 02-, Transcation
[2025-11-18 12:21:47] [INFO] Total rows: 200
[2025-11-18 12:21:47] [INFO] Column listbox populated with 16 columns
[2025-11-18 14:19:54] [INFO] Application started successfully.
[2025-11-18 14:20:17] [INFO] Application started successfully.
